\BOOKMARK [1][-]{section.1}{\376\377\000P\000r\000o\000b\000l\000e\000m\000\040\000s\000t\000a\000t\000e\000m\000e\000n\000t}{}% 1
\BOOKMARK [1][-]{section.2}{\376\377\000S\000t\000r\000u\000c\000t\000u\000r\000e\000\040\000e\000d\000i\000t\000o\000r\000s}{}% 2
\BOOKMARK [1][-]{section.3}{\376\377\000E\000d\000i\000t\000o\000r\000\040\000g\000e\000n\000e\000r\000a\000t\000o\000r\000s}{}% 3
\BOOKMARK [1][-]{section.4}{\376\377\000P\000a\000r\000t\000i\000a\000l\000\040\000e\000v\000a\000l\000u\000a\000t\000i\000o\000n}{}% 4
\BOOKMARK [1][-]{section.5}{\376\377\000A\000b\000s\000t\000r\000a\000c\000t\000\040\000S\000y\000n\000t\000a\000x\000\040\000T\000r\000e\000e\000s}{}% 5
\BOOKMARK [1][-]{section.6}{\376\377\000A\000b\000s\000t\000r\000a\000c\000t\000\040\000B\000i\000n\000d\000i\000n\000g\000\040\000T\000r\000e\000e\000s}{}% 6
\BOOKMARK [1][-]{section.7}{\376\377\000G\000e\000n\000e\000r\000a\000l\000i\000z\000e\000d\000\040\000e\000d\000i\000t\000o\000r\000\040\000c\000a\000l\000c\000u\000l\000u\000s}{}% 7
\BOOKMARK [2][-]{subsection.7.1}{\376\377\000A\000b\000s\000t\000r\000a\000c\000t\000\040\000s\000y\000n\000t\000a\000x}{section.7}% 8
\BOOKMARK [3][-]{subsubsection.7.1.1}{\376\377\000E\000d\000i\000t\000o\000r\000\040\000c\000a\000l\000c\000u\000l\000u\000s}{subsection.7.1}% 9
\BOOKMARK [3][-]{subsubsection.7.1.2}{\376\377\000C\000u\000r\000s\000o\000r\000\040\000C\000o\000n\000t\000e\000x\000t}{subsection.7.1}% 10
\BOOKMARK [2][-]{subsection.7.2}{\376\377\000S\000e\000m\000a\000n\000t\000i\000c\000s}{section.7}% 11
\BOOKMARK [1][-]{section.8}{\376\377\000E\000n\000c\000o\000d\000i\000n\000g\000\040\000t\000h\000e\000\040\000g\000e\000n\000e\000r\000a\000l\000i\000z\000e\000d\000\040\000e\000d\000i\000t\000o\000r\000\040\000c\000a\000l\000c\000u\000l\000u\000s\000\040\000i\000n\000\040\000a\000n\000\040\000e\000x\000t\000e\000n\000d\000e\000d\000\040\000-\000c\000a\000l\000c\000u\000l\000u\000s}{}% 12
\BOOKMARK [2][-]{subsection.8.1}{\376\377\000A\000b\000s\000t\000r\000a\000c\000t\000\040\000b\000i\000n\000d\000i\000n\000g\000\040\000t\000r\000e\000e\000s}{section.8}% 13
\BOOKMARK [2][-]{subsection.8.2}{\376\377\000C\000u\000r\000s\000o\000r\000\040\000C\000o\000n\000t\000e\000x\000t\000s}{section.8}% 14
\BOOKMARK [2][-]{subsection.8.3}{\376\377\000A\000t\000o\000m\000i\000c\000\040\000P\000r\000e\000f\000i\000x\000\040\000C\000o\000m\000m\000a\000n\000d\000s}{section.8}% 15
\BOOKMARK [2][-]{subsection.8.4}{\376\377\000E\000d\000i\000t\000o\000r\000\040\000e\000x\000p\000r\000e\000s\000s\000i\000o\000n\000s}{section.8}% 16
\BOOKMARK [2][-]{subsection.8.5}{\376\377\000C\000o\000n\000d\000i\000t\000i\000o\000n\000a\000l\000\040\000e\000x\000p\000r\000e\000s\000s\000i\000o\000n\000s}{section.8}% 17
\BOOKMARK [1][-]{section.9}{\376\377\000I\000m\000p\000l\000e\000m\000e\000n\000t\000a\000t\000i\000o\000n}{}% 18
\BOOKMARK [2][-]{subsection.9.1}{\376\377\000R\000e\000p\000r\000e\000s\000e\000n\000t\000i\000n\000g\000\040\000S\000y\000n\000t\000a\000x}{section.9}% 19
\BOOKMARK [3][-]{subsubsection.9.1.1}{\376\377\000S\000p\000e\000c\000i\000f\000i\000c\000a\000t\000i\000o\000n\000\040\000l\000a\000n\000g\000u\000a\000g\000e}{subsection.9.1}% 20
\BOOKMARK [2][-]{subsection.9.2}{\376\377\000C\000o\000d\000e\000\040\000g\000e\000n\000e\000r\000a\000t\000i\000o\000n\000\040\000v\000e\000r\000s\000u\000s\000\040\000g\000e\000n\000e\000r\000i\000c\000\040\000m\000o\000d\000e\000l}{section.9}% 21
\BOOKMARK [2][-]{subsection.9.3}{\376\377\000G\000e\000n\000e\000r\000a\000t\000i\000n\000g\000\040\000s\000o\000u\000r\000c\000e\000\040\000c\000o\000d\000e}{section.9}% 22
\BOOKMARK [2][-]{subsection.9.4}{\376\377\000D\000e\000c\000o\000m\000p\000o\000s\000i\000n\000g\000\040\000t\000r\000e\000e\000s}{section.9}% 23
\BOOKMARK [3][-]{subsubsection.9.4.1}{\376\377\000C\000u\000r\000s\000o\000r\000\040\000p\000a\000t\000h}{subsection.9.4}% 24
\BOOKMARK [3][-]{subsubsection.9.4.2}{\376\377\000C\000u\000r\000s\000o\000r\000\040\000c\000o\000n\000t\000e\000x\000t}{subsection.9.4}% 25
\BOOKMARK [3][-]{subsubsection.9.4.3}{\376\377\000W\000e\000l\000l\000-\000f\000o\000r\000m\000e\000d\000\040\000t\000r\000e\000e}{subsection.9.4}% 26
